<?xml version="1.0" encoding="UTF-8"?>
<testsuite name="SweetBird.demo.DemoApplicationTests" tests="1" skipped="0" failures="0" errors="0" timestamp="2024-07-27T01:45:27" hostname="gimjonghag-ui-MacBookAir.local" time="0.382">
  <properties/>
  <testcase name="contextLoads()" classname="SweetBird.demo.DemoApplicationTests" time="0.382"/>
  <system-out><![CDATA[10:45:26.491 [Test worker] INFO org.springframework.test.context.support.AnnotationConfigContextLoaderUtils -- Could not detect default configuration classes for test class [SweetBird.demo.DemoApplicationTests]: DemoApplicationTests does not declare any static, non-private, non-final, nested classes annotated with @Configuration.
10:45:26.526 [Test worker] INFO org.springframework.boot.test.context.SpringBootTestContextBootstrapper -- Found @SpringBootConfiguration SweetBird.demo.DemoApplication for test class SweetBird.demo.DemoApplicationTests

  .   ____          _            __ _ _
 /\\ / ___'_ __ _ _(_)_ __  __ _ \ \ \ \
( ( )\___ | '_ | '_| | '_ \/ _` | \ \ \ \
 \\/  ___)| |_)| | | | | || (_| |  ) ) ) )
  '  |____| .__|_| |_|_| |_\__, | / / / /
 =========|_|==============|___/=/_/_/_/
 :: Spring Boot ::                (v3.2.5)

2024-07-27T10:45:26.648+09:00  INFO 2689 --- [demo] [    Test worker] SweetBird.demo.DemoApplicationTests      : Starting DemoApplicationTests using Java 17.0.8 with PID 2689 (started by jonghak in /Users/jonghak/Downloads/sb_back)
2024-07-27T10:45:26.648+09:00  INFO 2689 --- [demo] [    Test worker] SweetBird.demo.DemoApplicationTests      : No active profile set, falling back to 1 default profile: "default"
2024-07-27T10:45:26.942+09:00  INFO 2689 --- [demo] [    Test worker] o.s.b.a.w.s.WelcomePageHandlerMapping    : Adding welcome page: class path resource [static/index.html]
2024-07-27T10:45:27.029+09:00  INFO 2689 --- [demo] [    Test worker] SweetBird.demo.DemoApplicationTests      : Started DemoApplicationTests in 0.459 seconds (process running for 0.83)
]]></system-out>
  <system-err><![CDATA[]]></system-err>
</testsuite>
